<?xml version="1.0" encoding="UTF-8"?>
<!-- Generated by org.testng.reporters.JUnitReportReporter -->
<testsuite hostname="US1LMSNO8T" failures="0" tests="2" name="testes.loginTest" time="49.604" errors="0" timestamp="2025-04-12T15:51:27 IST" skipped="0">
  <testcase classname="testes.loginTest" name="enterInvalidUserDetails" time="25.608"/>
  <testcase classname="testes.loginTest" name="enterUserDetails" time="23.996"/>
</testsuite> <!-- testes.loginTest -->
